<?xml version="1.0" encoding="UTF-8"?>
<!-- Generated by org.testng.reporters.JUnitXMLReporter -->
<testsuite ignored="0" hostname="Kanwar07" failures="0" tests="3" name="Default test" time="108.037" errors="0" timestamp="2023-06-22T18:14:46 IST">
  <testcase classname="MMTTest.MMT_test" name="add_tour_package_test" time="65.934"/>
  <testcase classname="MMTTest.MMT_test" name="add_an_activity_test" time="24.595"/>
  <testcase classname="MMTTest.MMT_test" name="validate_hotel_change_activity_test" time="6.615"/>
</testsuite> <!-- Default test -->
