<?xml version="1.0" encoding="UTF-8"?>
<testng-results ignored="0" total="1" passed="1" failed="0" skipped="0">
  <reporter-output>
  </reporter-output>
  <suite started-at="2023-06-22T16:40:33 IST" name="Suite" finished-at="2023-06-22T16:42:16 IST" duration-ms="103694">
    <groups>
    </groups>
    <test started-at="2023-06-22T16:40:33 IST" name="Test" finished-at="2023-06-22T16:42:16 IST" duration-ms="103694">
      <class name="MMTTest.MMT_test">
        <test-method is-config="true" signature="startup()[pri:0, instance:MMTTest.MMT_test@cb0755b]" started-at="2023-06-22T16:40:33 IST" name="startup" finished-at="2023-06-22T16:40:46 IST" duration-ms="12977" status="PASS">
          <reporter-output>
          </reporter-output>
        </test-method> <!-- startup -->
        <test-method signature="test_1()[pri:0, instance:MMTTest.MMT_test@cb0755b]" started-at="2023-06-22T16:40:46 IST" name="test_1" finished-at="2023-06-22T16:42:16 IST" duration-ms="90480" status="PASS">
          <reporter-output>
          </reporter-output>
        </test-method> <!-- test_1 -->
      </class> <!-- MMTTest.MMT_test -->
    </test> <!-- Test -->
  </suite> <!-- Suite -->
</testng-results>
