<?xml version="1.0" encoding="UTF-8"?>
<testng-results ignored="0" total="3" passed="3" failed="0" skipped="0">
  <reporter-output>
  </reporter-output>
  <suite started-at="2023-06-22T18:12:58 IST" name="Default suite" finished-at="2023-06-22T18:14:46 IST" duration-ms="108037">
    <groups>
    </groups>
    <test started-at="2023-06-22T18:12:58 IST" name="Default test" finished-at="2023-06-22T18:14:46 IST" duration-ms="108037">
      <class name="MMTTest.MMT_test">
        <test-method is-config="true" signature="startup()[pri:0, instance:MMTTest.MMT_test@359df09a]" started-at="2023-06-22T18:12:58 IST" name="startup" finished-at="2023-06-22T18:13:08 IST" duration-ms="10781" status="PASS">
          <reporter-output>
          </reporter-output>
        </test-method> <!-- startup -->
        <test-method signature="add_tour_package_test()[pri:1, instance:MMTTest.MMT_test@359df09a]" started-at="2023-06-22T18:13:08 IST" name="add_tour_package_test" finished-at="2023-06-22T18:14:14 IST" duration-ms="65934" status="PASS">
          <reporter-output>
          </reporter-output>
        </test-method> <!-- add_tour_package_test -->
        <test-method signature="add_an_activity_test()[pri:2, instance:MMTTest.MMT_test@359df09a]" started-at="2023-06-22T18:14:14 IST" name="add_an_activity_test" finished-at="2023-06-22T18:14:39 IST" duration-ms="24595" status="PASS">
          <reporter-output>
          </reporter-output>
        </test-method> <!-- add_an_activity_test -->
        <test-method signature="validate_hotel_change_activity_test()[pri:3, instance:MMTTest.MMT_test@359df09a]" started-at="2023-06-22T18:14:39 IST" name="validate_hotel_change_activity_test" finished-at="2023-06-22T18:14:46 IST" duration-ms="6615" status="PASS">
          <reporter-output>
          </reporter-output>
        </test-method> <!-- validate_hotel_change_activity_test -->
      </class> <!-- MMTTest.MMT_test -->
    </test> <!-- Default test -->
  </suite> <!-- Default suite -->
</testng-results>
